<?xml version="1.0" encoding="UTF-8"?>
<!-- Generated by org.testng.reporters.JUnitXMLReporter -->
<testsuite hostname="DESKTOP-UERLTF0" ignored="0" name="Inventory Actions" tests="2" failures="0" timestamp="2022-02-08T15:05:43 IST" time="3.639" errors="0">
  <testcase name="Step_PlaceOrderInPlaced_ThenMoveToApproved_ThenMoveToDelivered" time="2.862" classname="org.N26.PetStoreApiAutomation.Tests.MoveOrderFromPlcaedToApproveToDelivered"/>
  <testcase name="checkStoreInventory_WhenUser_Placed_NewOrder_Then_Delete_TheOrder" time="0.17" classname="org.N26.PetStoreApiAutomation.Tests.PlaceAndDeleteOderFromInventory"/>
</testsuite> <!-- Inventory Actions -->
